natsd$ ./gnatsd 
[22205] 2016/05/12 11:47:24.010704 [INF] Starting nats-server version 0.8.0
[22205] 2016/05/12 11:47:24.010826 [INF] Listening for client connections on 0.0.0.0:4222
[22205] 2016/05/12 11:47:24.010945 [INF] Server is ready
Server cid: 1
S info: INFO {"server_id":"KtPmKpMlmtu7UjF0UPl2TC","version":"0.8.0","go":"go1.3.3","host":"0.0.0.0","port":4222,"auth_required":false,"ssl_required":false,"tls_required":false,"tls_verify":false,"max_payload":1048576} 

S C bf read: 
S C cid: 1
S C read n: 129
S C cid: 1
S C af read: CONNECT {"verbose":false,"pedantic":false,"tls_required":false,"name":"","lang":"go","version":"1.2.0","devId":"devidtp"}
PING

S C Parse: [123 34 118 101 114 98 111 115 101 34 58 102 97 108 115 101 44 34 112 101 100 97 110 116 105 99 34 58 102 97 108 115 101 44 34 116 108 115 95 114 101 113 117 105 114 101 100 34 58 102 97 108 115 101 44 34 110 97 109 101 34 58 34 34 44 34 108 97 110 103 34 58 34 103 111 34 44 34 118 101 114 115 105 111 110 34 58 34 49 46 50 46 48 34 44 34 100 101 118 73 100 34 58 34 100 101 118 105 100 116 112 34 125]
S C c.opts.devId: 
S C c.opts.devId: devidtp
S C _______________________
S C cid: 1
client: devidtp
S C ~~~~~~~~~~~~~~~~~~~~~
S C bf read: 
S C cid: 1
S C read n: 13
S C cid: 1
S C af read: SUB test  1

S C bf read: 
S C cid: 1
Server cid: 2
S info: INFO {"server_id":"KtPmKpMlmtu7UjF0UPl2TC","version":"0.8.0","go":"go1.3.3","host":"0.0.0.0","port":4222,"auth_required":false,"ssl_required":false,"tls_required":false,"tls_verify":false,"max_payload":1048576} 

S C bf read: 
S C cid: 2
S C read n: 129
S C cid: 2
S C af read: CONNECT {"verbose":false,"pedantic":false,"tls_required":false,"name":"","lang":"go","version":"1.2.0","devId":"devidtp"}
PING

S C Parse: [123 34 118 101 114 98 111 115 101 34 58 102 97 108 115 101 44 34 112 101 100 97 110 116 105 99 34 58 102 97 108 115 101 44 34 116 108 115 95 114 101 113 117 105 114 101 100 34 58 102 97 108 115 101 44 34 110 97 109 101 34 58 34 34 44 34 108 97 110 103 34 58 34 103 111 34 44 34 118 101 114 115 105 111 110 34 58 34 49 46 50 46 48 34 44 34 100 101 118 73 100 34 58 34 100 101 118 105 100 116 112 34 125]
S C c.opts.devId: 
S C c.opts.devId: devidtp
S C _______________________
S C cid: 2
client: devidtp
S C cid: 1
client: devidtp
S C bf process: send PING
S C devId real exists & will close this connection
S C closeConnection...start
S C closeConnection...start
S C closeConnection...end
S C closeConnection...end
S C remove c  start
s remove client early. 2 2
S C delete ...start
S C delete ... end
s remove client after . 2 2
S C remove c end
S C ~~~~~~~~~~~~~~~~~~~~~
S C read n: 0
S C cid: 1
S C af read: 
S C closeConnection...start
S C closeConnection...start
S C closeConnection...end
S C closeConnection...end
S C remove c  start
s remove client early. 2 2
S C delete ...start
S C delete ... end
s remove client after . 2 2
S C remove c end
Server cid: 3
S info: INFO {"server_id":"KtPmKpMlmtu7UjF0UPl2TC","version":"0.8.0","go":"go1.3.3","host":"0.0.0.0","port":4222,"auth_required":false,"ssl_required":false,"tls_required":false,"tls_verify":false,"max_payload":1048576} 

S C bf read: 
S C cid: 3
S C read n: 129
S C cid: 3
S C af read: CONNECT {"verbose":false,"pedantic":false,"tls_required":false,"name":"","lang":"go","version":"1.2.0","devId":"devidtp"}
PING

S C Parse: [123 34 118 101 114 98 111 115 101 34 58 102 97 108 115 101 44 34 112 101 100 97 110 116 105 99 34 58 102 97 108 115 101 44 34 116 108 115 95 114 101 113 117 105 114 101 100 34 58 102 97 108 115 101 44 34 110 97 109 101 34 58 34 34 44 34 108 97 110 103 34 58 34 103 111 34 44 34 118 101 114 115 105 111 110 34 58 34 49 46 50 46 48 34 44 34 100 101 118 73 100 34 58 34 100 101 118 105 100 116 112 34 125]
S C c.opts.devId: 
S C c.opts.devId: devidtp
S C _______________________
S C cid: 3
client: devidtp
S C ~~~~~~~~~~~~~~~~~~~~~
S C bf read: 
S C cid: 3
S C read n: 19
S C cid: 3
S C af read: SUB test  1
PING

S C bf read: 
S C cid: 3
Server cid: 4
S info: INFO {"server_id":"KtPmKpMlmtu7UjF0UPl2TC","version":"0.8.0","go":"go1.3.3","host":"0.0.0.0","port":4222,"auth_required":false,"ssl_required":false,"tls_required":false,"tls_verify":false,"max_payload":1048576} 

S C bf read: 
S C cid: 4
S C read n: 129
S C cid: 4
S C af read: CONNECT {"verbose":false,"pedantic":false,"tls_required":false,"name":"","lang":"go","version":"1.2.0","devId":"devidtp"}
PING

S C Parse: [123 34 118 101 114 98 111 115 101 34 58 102 97 108 115 101 44 34 112 101 100 97 110 116 105 99 34 58 102 97 108 115 101 44 34 116 108 115 95 114 101 113 117 105 114 101 100 34 58 102 97 108 115 101 44 34 110 97 109 101 34 58 34 34 44 34 108 97 110 103 34 58 34 103 111 34 44 34 118 101 114 115 105 111 110 34 58 34 49 46 50 46 48 34 44 34 100 101 118 73 100 34 58 34 100 101 118 105 100 116 112 34 125]
S C c.opts.devId: 
S C c.opts.devId: devidtp
S C _______________________
S C cid: 3
client: devidtp
S C bf process: send PING
S C devId real exists & will close this connection
S C closeConnection...start
S C closeConnection...start
S C closeConnection...end
S C closeConnection...end
S C remove c  start
s remove client early. 4 4
S C delete ...start
S C delete ... end
s remove client after . 4 4
S C remove c end
S C ~~~~~~~~~~~~~~~~~~~~~
S C read n: 0
S C cid: 3
S C af read: 
S C closeConnection...start
S C closeConnection...start
S C closeConnection...end
S C closeConnection...end
S C remove c  start
s remove client early. 4 4
S C delete ...start
S C delete ... end
s remove client after . 4 4
S C remove c end
Server cid: 5
S info: INFO {"server_id":"KtPmKpMlmtu7UjF0UPl2TC","version":"0.8.0","go":"go1.3.3","host":"0.0.0.0","port":4222,"auth_required":false,"ssl_required":false,"tls_required":false,"tls_verify":false,"max_payload":1048576} 

S C bf read: 
S C cid: 5
S C read n: 129
S C cid: 5
S C af read: CONNECT {"verbose":false,"pedantic":false,"tls_required":false,"name":"","lang":"go","version":"1.2.0","devId":"devidtp"}
PING

S C Parse: [123 34 118 101 114 98 111 115 101 34 58 102 97 108 115 101 44 34 112 101 100 97 110 116 105 99 34 58 102 97 108 115 101 44 34 116 108 115 95 114 101 113 117 105 114 101 100 34 58 102 97 108 115 101 44 34 110 97 109 101 34 58 34 34 44 34 108 97 110 103 34 58 34 103 111 34 44 34 118 101 114 115 105 111 110 34 58 34 49 46 50 46 48 34 44 34 100 101 118 73 100 34 58 34 100 101 118 105 100 116 112 34 125]
S C c.opts.devId: 
S C c.opts.devId: devidtp
S C _______________________
S C cid: 5
client: devidtp
S C ~~~~~~~~~~~~~~~~~~~~~
S C bf read: 
S C cid: 5
S C read n: 13
S C cid: 5
S C af read: SUB test  1

S C bf read: 
S C cid: 5
S C read n: 6
S C cid: 5
S C af read: PING

S C bf read: PING

S C cid: 5
Server cid: 6
S info: INFO {"server_id":"KtPmKpMlmtu7UjF0UPl2TC","version":"0.8.0","go":"go1.3.3","host":"0.0.0.0","port":4222,"auth_required":false,"ssl_required":false,"tls_required":false,"tls_verify":false,"max_payload":1048576} 

S C bf read: 
S C cid: 6
S C read n: 129
S C cid: 6
S C af read: CONNECT {"verbose":false,"pedantic":false,"tls_required":false,"name":"","lang":"go","version":"1.2.0","devId":"devidtp"}
PING

S C Parse: [123 34 118 101 114 98 111 115 101 34 58 102 97 108 115 101 44 34 112 101 100 97 110 116 105 99 34 58 102 97 108 115 101 44 34 116 108 115 95 114 101 113 117 105 114 101 100 34 58 102 97 108 115 101 44 34 110 97 109 101 34 58 34 34 44 34 108 97 110 103 34 58 34 103 111 34 44 34 118 101 114 115 105 111 110 34 58 34 49 46 50 46 48 34 44 34 100 101 118 73 100 34 58 34 100 101 118 105 100 116 112 34 125]
S C c.opts.devId: 
S C c.opts.devId: devidtp
S C _______________________
S C cid: 5
client: devidtp
S C bf process: send PING
S C devId real exists & will close this connection
S C closeConnection...start
S C closeConnection...start
S C closeConnection...end
S C closeConnection...end
S C remove c  start
s remove client early. 6 6
S C delete ...start
S C delete ... end
s remove client after . 6 6
S C remove c end
S C ~~~~~~~~~~~~~~~~~~~~~
S C read n: 0
S C cid: 5
S C af read: PING

S C closeConnection...start
S C closeConnection...start
S C closeConnection...end
S C closeConnection...end
S C remove c  start
s remove client early. 6 6
S C delete ...start
S C delete ... end
s remove client after . 6 6
S C remove c end
Server cid: 7
S info: INFO {"server_id":"KtPmKpMlmtu7UjF0UPl2TC","version":"0.8.0","go":"go1.3.3","host":"0.0.0.0","port":4222,"auth_required":false,"ssl_required":false,"tls_required":false,"tls_verify":false,"max_payload":1048576} 

S C bf read: 
S C cid: 7
S C read n: 129
S C cid: 7
S C af read: CONNECT {"verbose":false,"pedantic":false,"tls_required":false,"name":"","lang":"go","version":"1.2.0","devId":"devidtp"}
PING

S C Parse: [123 34 118 101 114 98 111 115 101 34 58 102 97 108 115 101 44 34 112 101 100 97 110 116 105 99 34 58 102 97 108 115 101 44 34 116 108 115 95 114 101 113 117 105 114 101 100 34 58 102 97 108 115 101 44 34 110 97 109 101 34 58 34 34 44 34 108 97 110 103 34 58 34 103 111 34 44 34 118 101 114 115 105 111 110 34 58 34 49 46 50 46 48 34 44 34 100 101 118 73 100 34 58 34 100 101 118 105 100 116 112 34 125]
S C c.opts.devId: 
S C c.opts.devId: devidtp
S C _______________________
S C cid: 7
client: devidtp
S C ~~~~~~~~~~~~~~~~~~~~~
S C bf read: 
S C cid: 7
S C read n: 13
S C cid: 7
S C af read: SUB test  1

S C bf read: 
S C cid: 7
S C read n: 6
S C cid: 7
S C af read: PING

S C bf read: PING

S C cid: 7
Server cid: 8
S info: INFO {"server_id":"KtPmKpMlmtu7UjF0UPl2TC","version":"0.8.0","go":"go1.3.3","host":"0.0.0.0","port":4222,"auth_required":false,"ssl_required":false,"tls_required":false,"tls_verify":false,"max_payload":1048576} 

S C bf read: 
S C cid: 8
S C read n: 129
S C cid: 8
S C af read: CONNECT {"verbose":false,"pedantic":false,"tls_required":false,"name":"","lang":"go","version":"1.2.0","devId":"devidtp"}
PING

S C Parse: [123 34 118 101 114 98 111 115 101 34 58 102 97 108 115 101 44 34 112 101 100 97 110 116 105 99 34 58 102 97 108 115 101 44 34 116 108 115 95 114 101 113 117 105 114 101 100 34 58 102 97 108 115 101 44 34 110 97 109 101 34 58 34 34 44 34 108 97 110 103 34 58 34 103 111 34 44 34 118 101 114 115 105 111 110 34 58 34 49 46 50 46 48 34 44 34 100 101 118 73 100 34 58 34 100 101 118 105 100 116 112 34 125]
S C c.opts.devId: 
S C c.opts.devId: devidtp
S C _______________________
S C cid: 7
client: devidtp
S C bf process: send PING
S C devId real exists & will close this connection
S C closeConnection...start
S C closeConnection...start
S C closeConnection...end
S C closeConnection...end
S C remove c  start
s remove client early. 8 8
S C delete ...start
S C delete ... end
s remove client after . 8 8
S C remove c end
S C ~~~~~~~~~~~~~~~~~~~~~
S C read n: 0
S C cid: 7
S C af read: PING

S C closeConnection...start
S C closeConnection...start
S C closeConnection...end
S C closeConnection...end
S C remove c  start
s remove client early. 8 8
S C delete ...start
S C delete ... end
s remove client after . 8 8
S C remove c end
Server cid: 9
S info: INFO {"server_id":"KtPmKpMlmtu7UjF0UPl2TC","version":"0.8.0","go":"go1.3.3","host":"0.0.0.0","port":4222,"auth_required":false,"ssl_required":false,"tls_required":false,"tls_verify":false,"max_payload":1048576} 

S C bf read: 
S C cid: 9
S C read n: 129
S C cid: 9
S C af read: CONNECT {"verbose":false,"pedantic":false,"tls_required":false,"name":"","lang":"go","version":"1.2.0","devId":"devidtp"}
PING

S C Parse: [123 34 118 101 114 98 111 115 101 34 58 102 97 108 115 101 44 34 112 101 100 97 110 116 105 99 34 58 102 97 108 115 101 44 34 116 108 115 95 114 101 113 117 105 114 101 100 34 58 102 97 108 115 101 44 34 110 97 109 101 34 58 34 34 44 34 108 97 110 103 34 58 34 103 111 34 44 34 118 101 114 115 105 111 110 34 58 34 49 46 50 46 48 34 44 34 100 101 118 73 100 34 58 34 100 101 118 105 100 116 112 34 125]
S C c.opts.devId: 
S C c.opts.devId: devidtp
S C _______________________
S C cid: 9
client: devidtp
S C ~~~~~~~~~~~~~~~~~~~~~
S C bf read: 
S C cid: 9
S C read n: 19
S C cid: 9
S C af read: SUB test  1
PING

S C bf read: 
S C cid: 9
Server cid: 10
S info: INFO {"server_id":"KtPmKpMlmtu7UjF0UPl2TC","version":"0.8.0","go":"go1.3.3","host":"0.0.0.0","port":4222,"auth_required":false,"ssl_required":false,"tls_required":false,"tls_verify":false,"max_payload":1048576} 

S C bf read: 
S C cid: 10
S C read n: 129
S C cid: 10
S C af read: CONNECT {"verbose":false,"pedantic":false,"tls_required":false,"name":"","lang":"go","version":"1.2.0","devId":"devidtp"}
PING

S C Parse: [123 34 118 101 114 98 111 115 101 34 58 102 97 108 115 101 44 34 112 101 100 97 110 116 105 99 34 58 102 97 108 115 101 44 34 116 108 115 95 114 101 113 117 105 114 101 100 34 58 102 97 108 115 101 44 34 110 97 109 101 34 58 34 34 44 34 108 97 110 103 34 58 34 103 111 34 44 34 118 101 114 115 105 111 110 34 58 34 49 46 50 46 48 34 44 34 100 101 118 73 100 34 58 34 100 101 118 105 100 116 112 34 125]
S C c.opts.devId: 
S C c.opts.devId: devidtp
S C _______________________
S C cid: 9
client: devidtp
S C bf process: send PING
S C devId real exists & will close this connection
S C closeConnection...start
S C closeConnection...start
S C closeConnection...end
S C closeConnection...end
S C remove c  start
s remove client early. 10 10
S C delete ...start
S C delete ... end
s remove client after . 10 10
S C remove c end
S C ~~~~~~~~~~~~~~~~~~~~~
S C read n: 0
S C cid: 9
S C af read: 
S C closeConnection...start
S C closeConnection...start
S C closeConnection...end
S C closeConnection...end
S C remove c  start
s remove client early. 10 10
S C delete ...start
S C delete ... end
s remove client after . 10 10
S C remove c end
Server cid: 11
S info: INFO {"server_id":"KtPmKpMlmtu7UjF0UPl2TC","version":"0.8.0","go":"go1.3.3","host":"0.0.0.0","port":4222,"auth_required":false,"ssl_required":false,"tls_required":false,"tls_verify":false,"max_payload":1048576} 

S C bf read: 
S C cid: 11
S C read n: 129
S C cid: 11
S C af read: CONNECT {"verbose":false,"pedantic":false,"tls_required":false,"name":"","lang":"go","version":"1.2.0","devId":"devidtp"}
PING

S C Parse: [12
